<?xml version="1.0" encoding="UTF-8"?>
<!-- Generated by org.testng.reporters.JUnitReportReporter -->
<testsuite name="com.T71testCase.baidu2" tests="3" time="39.392" ignored="0" failures="0" timestamp="29 九月 2017 11:45:33 GMT" skipped="0" hostname="WS3QOWAQCKW3S6N" errors="0">
  <testcase name="f1" time="12.224" classname="com.T71testCase.baidu2"/>
  <testcase name="f1" time="11.986" classname="com.T71testCase.baidu2"/>
  <testcase name="f1" time="15.182" classname="com.T71testCase.baidu2"/>
</testsuite> <!-- com.T71testCase.baidu2 -->
