<?xml version="1.0" encoding="UTF-8"?>
<!-- Generated by org.testng.reporters.JUnitReportReporter -->
<testsuite name="wozhishishishi.NewTest" tests="1" time="0.040" ignored="0" failures="0" timestamp="29 九月 2017 02:40:49 GMT" skipped="0" hostname="WS3QOWAQCKW3S6N" errors="0">
  <testcase name="f" time="0.040" classname="wozhishishishi.NewTest"/>
</testsuite> <!-- wozhishishishi.NewTest -->
