<?xml version="1.0" encoding="UTF-8"?>
<!-- Generated by org.testng.reporters.JUnitReportReporter -->
<testsuite name="T71kuangjia1.baiduTest" tests="1" time="35.932" ignored="0" failures="0" timestamp="21 十月 2017 03:02:54 GMT" skipped="0" hostname="WS3QOWAQCKW3S6N" errors="0">
  <testcase name="test3" time="35.932" classname="T71kuangjia1.baiduTest"/>
</testsuite> <!-- T71kuangjia1.baiduTest -->
